Arguments: 
  C:\Program Files\nodejs\node.exe C:\Users\ziyang.zhu\.node\corepack\yarn\1.22.15\bin\yarn.js

PATH: 
  C:\Windows\system32;C:\Windows;C:\Windows\System32\Wbem;C:\Windows\System32\WindowsPowerShell\v1.0\;C:\Windows\System32\OpenSSH\;C:\Windows\CCM;C:\Windows\CCM;C:\Windows\CCM;C:\Windows\CCM;D:\vscode\Microsoft VS Code\bin;D:\bin;C:\Users\ziyang.zhu\AppData\Roaming\nvm;C:\Program Files\nodejs;C:\Program Files (x86)\Tencent\微信web开发者工具\dll;C:\Program Files (x86)\NetSarang\Xshell 7\;C:\Users\ziyang.zhu\AppData\Local\Microsoft\WindowsApps;D:\Git\cmd;C:\Users\ziyang.zhu\AppData\Roaming\nvm;C:\Program Files\nodejs;D:\db\bin;

Yarn version: 
  1.22.15

Node version: 
  14.19.1

Platform: 
  win32 x64

Trace: 
  Error: https://nexus3.tineco.com/repository/npm-group/colors/-/colors-1.4.2.tgz: Request failed "404 Not Found"
      at ResponseError.ExtendableBuiltin (C:\Users\ziyang.zhu\.node\corepack\yarn\1.22.15\lib\cli.js:696:66)
      at new ResponseError (C:\Users\ziyang.zhu\.node\corepack\yarn\1.22.15\lib\cli.js:802:124)
      at Request.<anonymous> (C:\Users\ziyang.zhu\.node\corepack\yarn\1.22.15\lib\cli.js:66210:16)
      at Request.emit (events.js:400:28)
      at Request.module.exports.Request.onRequestResponse (C:\Users\ziyang.zhu\.node\corepack\yarn\1.22.15\lib\cli.js:141762:10)
      at ClientRequest.emit (events.js:400:28)
      at HTTPParser.parserOnIncomingClient (_http_client.js:647:27)
      at HTTPParser.parserOnHeadersComplete (_http_common.js:127:17)
      at HTTPParser.execute (<anonymous>)
      at TLSSocket.socketOnData (_http_client.js:515:22)

npm manifest: 
  {
    "name": "simple-admin-server",
    "version": "1.0.0",
    "description": "",
    "private": true,
    "egg": {
      "declarations": true
    },
    "dependencies": {
      "bcryptjs": "^2.4.3",
      "crypto-js": "^4.0.0",
      "egg": "^2.15.1",
      "egg-cors": "^2.2.3",
      "egg-multipart": "^2.10.3",
      "egg-scripts": "^2.11.0",
      "egg-sequelize": "^6.0.0",
      "egg-validate": "^2.0.2",
      "jsencrypt": "^3.2.1",
      "jsonwebtoken": "^8.5.1",
      "mysql2": "^2.2.5",
      "svg-captcha": "^1.4.0"
    },
    "devDependencies": {
      "autod": "^3.0.1",
      "autod-egg": "^1.1.0",
      "egg-bin": "^4.11.0",
      "egg-ci": "^1.11.0",
      "egg-mock": "^3.21.0",
      "eslint": "^5.13.0",
      "eslint-config-egg": "^7.1.0"
    },
    "engines": {
      "node": ">=10.0.0"
    },
    "scripts": {
      "start": "egg-scripts start --daemon --title=egg-server-admin-api",
      "stop": "egg-scripts stop --title=egg-server-admin-api",
      "dev": "egg-bin dev",
      "debug": "egg-bin debug",
      "test": "npm run lint -- --fix && npm run test-local",
      "test-local": "egg-bin test",
      "cov": "egg-bin cov",
      "lint": "eslint .",
      "ci": "npm run lint && npm run cov",
      "autod": "autod"
    },
    "ci": {
      "version": "10"
    },
    "repository": {
      "type": "git",
      "url": ""
    },
    "author": "",
    "license": "MIT"
  }

yarn manifest: 
  No manifest

Lockfile: 
  No lockfile
